<?xml version="1.0" encoding="UTF-8"?>
<!-- Generated by org.testng.reporters.JUnitXMLReporter -->
<testsuite ignored="3" hostname="DESKTOP-M9LBF94" failures="0" tests="4" name="Login Tests - Smoke" time="53.329" errors="0" timestamp="2026-06-14T11:21:41 IST">
  <testcase classname="tests.LoginTest" name="@BeforeMethod setUp" time="33.074">
    <failure type="org.openqa.selenium.TimeoutException" message="timeout: Timed out receiving message from renderer: 28.336
  (Session info: chrome=149.0.7827.54)
Build info: version: &amp;apos;4.18.1&amp;apos;, revision: &amp;apos;b1d3319b48&amp;apos;
System info: os.name: &amp;apos;Windows 11&amp;apos;, os.arch: &amp;apos;amd64&amp;apos;, os.version: &amp;apos;10.0&amp;apos;, java.version: &amp;apos;17.0.4.1&amp;apos;
Driver info: org.openqa.selenium.chrome.ChromeDriver
Command: [eceeb2b1eed545b51bfc36e567643bfe, get {url=https://automationexercise.com/login}]
Capabilities {acceptInsecureCerts: false, browserName: chrome, browserVersion: 149.0.7827.54, chrome: {chromedriverVersion: 149.0.7827.115 (daf70f9ddee..., userDataDir: C:\Users\NAMRAT~1\AppData\L...}, fedcm:accounts: true, goog:chromeOptions: {debuggerAddress: localhost:49198}, goog:processID: 19784, networkConnectionEnabled: false, pageLoadStrategy: normal, platformName: windows, proxy: Proxy(), se:cdp: ws://localhost:49198/devtoo..., se:cdpVersion: 149.0.7827.54, setWindowRect: true, strictFileInteractability: false, timeouts: {implicit: 0, pageLoad: 300000, script: 30000}, unhandledPromptBehavior: dismiss and notify, webauthn:extension:credBlob: true, webauthn:extension:largeBlob: true, webauthn:extension:minPinLength: true, webauthn:extension:prf: true, webauthn:virtualAuthenticators: true}
Session ID: eceeb2b1eed545b51bfc36e567643bfe">
      <![CDATA[org.openqa.selenium.TimeoutException: timeout: Timed out receiving message from renderer: 28.336
  (Session info: chrome=149.0.7827.54)
Build info: version: '4.18.1', revision: 'b1d3319b48'
System info: os.name: 'Windows 11', os.arch: 'amd64', os.version: '10.0', java.version: '17.0.4.1'
Driver info: org.openqa.selenium.chrome.ChromeDriver
Command: [eceeb2b1eed545b51bfc36e567643bfe, get {url=https://automationexercise.com/login}]
Capabilities {acceptInsecureCerts: false, browserName: chrome, browserVersion: 149.0.7827.54, chrome: {chromedriverVersion: 149.0.7827.115 (daf70f9ddee..., userDataDir: C:\Users\NAMRAT~1\AppData\L...}, fedcm:accounts: true, goog:chromeOptions: {debuggerAddress: localhost:49198}, goog:processID: 19784, networkConnectionEnabled: false, pageLoadStrategy: normal, platformName: windows, proxy: Proxy(), se:cdp: ws://localhost:49198/devtoo..., se:cdpVersion: 149.0.7827.54, setWindowRect: true, strictFileInteractability: false, timeouts: {implicit: 0, pageLoad: 300000, script: 30000}, unhandledPromptBehavior: dismiss and notify, webauthn:extension:credBlob: true, webauthn:extension:largeBlob: true, webauthn:extension:minPinLength: true, webauthn:extension:prf: true, webauthn:virtualAuthenticators: true}
Session ID: eceeb2b1eed545b51bfc36e567643bfe
at org.openqa.selenium.remote.ErrorCodec.decode(ErrorCodec.java:167)
at org.openqa.selenium.remote.codec.w3c.W3CHttpResponseCodec.decode(W3CHttpResponseCodec.java:138)
at org.openqa.selenium.remote.codec.w3c.W3CHttpResponseCodec.decode(W3CHttpResponseCodec.java:50)
at org.openqa.selenium.remote.HttpCommandExecutor.execute(HttpCommandExecutor.java:190)
at org.openqa.selenium.remote.service.DriverCommandExecutor.invokeExecute(DriverCommandExecutor.java:216)
at org.openqa.selenium.remote.service.DriverCommandExecutor.execute(DriverCommandExecutor.java:174)
at org.openqa.selenium.remote.RemoteWebDriver.execute(RemoteWebDriver.java:519)
at org.openqa.selenium.remote.RemoteWebDriver.get(RemoteWebDriver.java:301)
at tests.LoginTest.setUp(LoginTest.java:33)
at java.base/java.util.concurrent.Executors$RunnableAdapter.call(Executors.java:539)
at java.base/java.util.concurrent.FutureTask.run(FutureTask.java:264)
at java.base/java.util.concurrent.ThreadPoolExecutor.runWorker(ThreadPoolExecutor.java:1136)
at java.base/java.util.concurrent.ThreadPoolExecutor$Worker.run(ThreadPoolExecutor.java:635)
at java.base/java.lang.Thread.run(Thread.java:833)
... Removed 22 stack frames]]>
    </failure>
  </testcase> <!-- @BeforeMethod setUp -->
  <testcase classname="tests.LoginTest" name="TC_LGN_001_verifyLoginPageURL" time="0.013"/>
  <testcase classname="tests.LoginTest" name="TC_LGN_002_verifyPageHeadingsDisplayed" time="0.0">
    <skipped/>
  </testcase> <!-- TC_LGN_002_verifyPageHeadingsDisplayed -->
  <testcase classname="tests.LoginTest" name="TC_LGN_003_loginWithValidCredentials" time="0.0">
    <skipped/>
  </testcase> <!-- TC_LGN_003_loginWithValidCredentials -->
  <testcase classname="tests.LoginTest" name="TC_LGN_005_logoutRedirectsToLoginPage" time="0.0">
    <skipped/>
  </testcase> <!-- TC_LGN_005_logoutRedirectsToLoginPage -->
  <testcase classname="tests.LoginTest" name="TC_LGN_006_loginWithBlankEmail" time="0.0">
    <ignored/>
  </testcase> <!-- TC_LGN_006_loginWithBlankEmail -->
  <testcase classname="tests.LoginTest" name="TC_LGN_004_verifyLoggedInUsername" time="0.0">
    <ignored/>
  </testcase> <!-- TC_LGN_004_verifyLoggedInUsername -->
  <testcase classname="tests.LoginTest" name="TC_LGN_007_loginWithBlankPassword" time="0.0">
    <ignored/>
  </testcase> <!-- TC_LGN_007_loginWithBlankPassword -->
</testsuite> <!-- Login Tests - Smoke -->
